<?xml version="1.0" encoding="UTF-8"?>
<!-- Generated by org.testng.reporters.JUnitReportReporter -->
<testsuite skipped="0" hostname="DESKTOP-JDGVO00" name="TestCases.TC01_Add_Nationalities" tests="1" failures="0" timestamp="2021-06-23T10:00:55 IST" time="9.990" errors="0">
  <testcase name="Test1_Nationality" time="9.990" classname="TestCases.TC01_Add_Nationalities"/>
  <system-out/>
</testsuite> <!-- TestCases.TC01_Add_Nationalities -->
