<?xml version="1.0" encoding="UTF-8"?>
<!-- Generated by org.testng.reporters.JUnitReportReporter -->
<testsuite skipped="0" hostname="DESKTOP-JDGVO00" name="TestCases.TC01_Test" tests="1" failures="0" timestamp="2021-06-23T09:47:11 IST" time="20.471" errors="0">
  <testcase name="Test567" time="20.471" classname="TestCases.TC01_Test"/>
  <system-out>
<table> <tr >  <img   style="border:1px solid black;"      src="C:\HTML Report\HtmlTemplates\Logo.JPEG"></tr><tr   ><center><font color="red"  size="15" >TC019_2021_Jun_23_9_46_49_AM</font></center></tr><tr bgcolor="#9370DB"> <th width="100px"> <center><font color="white"  size="4" >Steps</font></center><font color="white"  size="4" ></font></center> </th> <th width="450px" ><center><font color="white"  size="4" >Details </font> </center></th> <th width="100px" ><center><font color="white"  size="4" >Status</font></center></th>  <th  width="250px"  ><center><font color="white"  size="4" >Screen Shots</font></center></th> <th width="250px"  ><center><font color="white"  size="4" >Date & Time</font></center></th> 	 </tr>         <tr bgcolor="#eee"> <th width="100px"> <center>Step&nbsp;1</center> </th> <th width="450px" ><center><b><font color='black'>   Login Page - Orange HRM Login Page</b> </font></center></th> <th width="100px" ><center><img src='file:///C:\HTML Report\HtmlTemplates\passed.ico'    +     "width="30" + height="30"></img></center></th>  <th  width="250px"  ><center><a href=C:/HTML Report/test-output/TempScreenShots/TC019_2021_Jun_23_9_46_49_AM_2021_Jun_23_9_46_53_679_AM/23_Jun_2021 9_46_56_797 AM.png target="popup" onclick="window.open('C:/HTML Report/test-output/TempScreenShots/TC019_2021_Jun_23_9_46_49_AM_2021_Jun_23_9_46_53_679_AM/23_Jun_2021 9_46_56_797 AM.png','popup','width=600,height=600'); return false;"> ScreenShot</a> </center></th> <th width="250px"  ><center>2021_Jun_23_9_46_57_248_AM</center></th> 	 </tr>        <tr bgcolor="#ddd"> <th width="100px"> <center>Step&nbsp;2</center> </th> <th width="450px" ><center><b><font color='black'>   Login Page - credentials</b> </font></center></th> <th width="100px" ><center><img src='file:///C:\HTML Report\HtmlTemplates\passed.ico'    +     "width="30" + height="30"></img></center></th>  <th  width="250px"  ><center><a href=C:/HTML Report/test-output/TempScreenShots/TC019_2021_Jun_23_9_46_49_AM_2021_Jun_23_9_46_53_679_AM/23_Jun_2021 9_46_57_692 AM.png target="popup" onclick="window.open('C:/HTML Report/test-output/TempScreenShots/TC019_2021_Jun_23_9_46_49_AM_2021_Jun_23_9_46_53_679_AM/23_Jun_2021 9_46_57_692 AM.png','popup','width=600,height=600'); return false;"> ScreenShot</a> </center></th> <th width="250px"  ><center>2021_Jun_23_9_46_57_886_AM</center></th> 	 </tr>        <tr bgcolor="#eee"> <th width="100px"> <center>Step&nbsp;3</center> </th> <th width="450px" ><center><b><font color='black'>   Nationality Page - Nationality Entered</b> </font></center></th> <th width="100px" ><center><img src='file:///C:\HTML Report\HtmlTemplates\passed.ico'    +     "width="30" + height="30"></img></center></th>  <th  width="250px"  ><center><a href=C:/HTML Report/test-output/TempScreenShots/TC019_2021_Jun_23_9_46_49_AM_2021_Jun_23_9_46_53_679_AM/23_Jun_2021 9_47_04_624 AM.png target="popup" onclick="window.open('C:/HTML Report/test-output/TempScreenShots/TC019_2021_Jun_23_9_46_49_AM_2021_Jun_23_9_46_53_679_AM/23_Jun_2021 9_47_04_624 AM.png','popup','width=600,height=600'); return false;"> ScreenShot</a> </center></th> <th width="250px"  ><center>2021_Jun_23_9_47_04_799_AM</center></th> 	 </tr>        <tr bgcolor="#ddd"> <th width="100px"> <center>Step&nbsp;4</center> </th> <th width="450px" ><center><b><font color='black'>   Nationality Page - Nationality Entered</b> </font></center></th> <th width="100px" ><center><img src='file:///C:\HTML Report\HtmlTemplates\passed.ico'    +     "width="30" + height="30"></img></center></th>  <th  width="250px"  ><center><a href=C:/HTML Report/test-output/TempScreenShots/TC019_2021_Jun_23_9_46_49_AM_2021_Jun_23_9_46_53_679_AM/23_Jun_2021 9_47_04_799 AM.png target="popup" onclick="window.open('C:/HTML Report/test-output/TempScreenShots/TC019_2021_Jun_23_9_46_49_AM_2021_Jun_23_9_46_53_679_AM/23_Jun_2021 9_47_04_799 AM.png','popup','width=600,height=600'); return false;"> ScreenShot</a> </center></th> <th width="250px"  ><center>2021_Jun_23_9_47_04_935_AM</center></th> 	 </tr>        <tr bgcolor="#eee"> <th width="100px"> <center>Step&nbsp;5</center> </th> <th width="450px" ><center><b><font color='black'>   Nationality Page - Scroll and verify the record details</b> </font></center></th> <th width="100px" ><center><img src='file:///C:\HTML Report\HtmlTemplates\passed.ico'    +     "width="30" + height="30"></img></center></th>  <th  width="250px"  ><center><a href=C:/HTML Report/test-output/TempScreenShots/TC019_2021_Jun_23_9_46_49_AM_2021_Jun_23_9_46_53_679_AM/23_Jun_2021 9_47_06_327 AM.png target="popup" onclick="window.open('C:/HTML Report/test-output/TempScreenShots/TC019_2021_Jun_23_9_46_49_AM_2021_Jun_23_9_46_53_679_AM/23_Jun_2021 9_47_06_327 AM.png','popup','width=600,height=600'); return false;"> ScreenShot</a> </center></th> <th width="250px"  ><center>2021_Jun_23_9_47_06_490_AM</center></th> 	 </tr>        <tr bgcolor="#ddd"> <th width="100px"> <center>Step&nbsp;6</center> </th> <th width="450px" ><center><b><font color='black'>   HomePage - Logout</b> </font></center></th> <th width="100px" ><center><img src='file:///C:\HTML Report\HtmlTemplates\passed.ico'    +     "width="30" + height="30"></img></center></th>  <th  width="250px"  ><center><a href=C:/HTML Report/test-output/TempScreenShots/TC019_2021_Jun_23_9_46_49_AM_2021_Jun_23_9_46_53_679_AM/23_Jun_2021 9_47_06_817 AM.png target="popup" onclick="window.open('C:/HTML Report/test-output/TempScreenShots/TC019_2021_Jun_23_9_46_49_AM_2021_Jun_23_9_46_53_679_AM/23_Jun_2021 9_47_06_817 AM.png','popup','width=600,height=600'); return false;"> ScreenShot</a> </center></th> <th width="250px"  ><center>2021_Jun_23_9_47_07_009_AM</center></th> 	 </tr>        <tr bgcolor="#eee"> <th width="100px"> <center>Step&nbsp;7</center> </th> <th width="450px" ><center><b><font color='black'>   Login - after Logout</b> </font></center></th> <th width="100px" ><center><img src='file:///C:\HTML Report\HtmlTemplates\passed.ico'    +     "width="30" + height="30"></img></center></th>  <th  width="250px"  ><center><a href=C:/HTML Report/test-output/TempScreenShots/TC019_2021_Jun_23_9_46_49_AM_2021_Jun_23_9_46_53_679_AM/23_Jun_2021 9_47_07_969 AM.png target="popup" onclick="window.open('C:/HTML Report/test-output/TempScreenShots/TC019_2021_Jun_23_9_46_49_AM_2021_Jun_23_9_46_53_679_AM/23_Jun_2021 9_47_07_969 AM.png','popup','width=600,height=600'); return false;"> ScreenShot</a> </center></th> <th width="250px"  ><center>2021_Jun_23_9_47_08_200_AM</center></th> 	 </tr>        </system-out>
</testsuite> <!-- TestCases.TC01_Test -->
